<?xml version="1.0" encoding="UTF-8" ?>
<testsuite tests="26" failures="0" name="cz.muni.fi.pv168.hotel.GuestManagerTest" time="3.378" errors="0" skipped="0">
  <properties>
[...]
</properties>
  <testcase classname="cz.muni.fi.pv168.hotel.GuestManagerTest" name="createGuestWithSqlExceptionThrown" time="1.564"/>
  <testcase classname="cz.muni.fi.pv168.hotel.GuestManagerTest" name="getGuestWithSqlExceptionThrown" time="0.139"/>
  <testcase classname="cz.muni.fi.pv168.hotel.GuestManagerTest" name="deleteGuestWithSqlExceptionThrown" time="0.094"/>
  <testcase classname="cz.muni.fi.pv168.hotel.GuestManagerTest" name="deleteGuest" time="0.167"/>
  <testcase classname="cz.muni.fi.pv168.hotel.GuestManagerTest" name="findGuestWithNullRoom" time="0.067"/>
  <testcase classname="cz.muni.fi.pv168.hotel.GuestManagerTest" name="checkOutGuestWithSqlExceptionThrown" time="0.082"/>
  <testcase classname="cz.muni.fi.pv168.hotel.GuestManagerTest" name="createGuest" time="0.086"/>
  <testcase classname="cz.muni.fi.pv168.hotel.GuestManagerTest" name="freeRooms" time="0.113"/>
  <testcase classname="cz.muni.fi.pv168.hotel.GuestManagerTest" name="createNullGuest" time="0.051"/>
  <testcase classname="cz.muni.fi.pv168.hotel.GuestManagerTest" name="createGuestWithCheckInToday" time="0.074"/>
  <testcase classname="cz.muni.fi.pv168.hotel.GuestManagerTest" name="createGuestNullCheckOut" time="0.076"/>
  <testcase classname="cz.muni.fi.pv168.hotel.GuestManagerTest" name="deleteNonExistingGuest" time="0.057"/>
  <testcase classname="cz.muni.fi.pv168.hotel.GuestManagerTest" name="createGuestCheckInAndCheckOutInSameDay" time="0.083"/>
  <testcase classname="cz.muni.fi.pv168.hotel.GuestManagerTest" name="findGuestbyRoomWithNullId" time="0.047"/>
  <testcase classname="cz.muni.fi.pv168.hotel.GuestManagerTest" name="createBodyWithNullName" time="0.043"/>
  <testcase classname="cz.muni.fi.pv168.hotel.GuestManagerTest" name="createGuestWithNullPhone" time="0.067"/>
  <testcase classname="cz.muni.fi.pv168.hotel.GuestManagerTest" name="createGuestNullCheckIn" time="0.079"/>
  <testcase classname="cz.muni.fi.pv168.hotel.GuestManagerTest" name="findGuestByRoomWithSqlExceptionThrown" time="0.049"/>
  <testcase classname="cz.muni.fi.pv168.hotel.GuestManagerTest" name="findAllGuestsWithSqlExceptionThrown" time="0.049"/>
  <testcase classname="cz.muni.fi.pv168.hotel.GuestManagerTest" name="deleteGuestWithNullId" time="0.048"/>
  <testcase classname="cz.muni.fi.pv168.hotel.GuestManagerTest" name="freeRoomsWithSqlExceptionThrown" time="0.041"/>
  <testcase classname="cz.muni.fi.pv168.hotel.GuestManagerTest" name="deleteNullGuest" time="0.039"/>
  <testcase classname="cz.muni.fi.pv168.hotel.GuestManagerTest" name="findAllGuest" time="0.076"/>
  <testcase classname="cz.muni.fi.pv168.hotel.GuestManagerTest" name="findGuestByName" time="0.067"/>
  <testcase classname="cz.muni.fi.pv168.hotel.GuestManagerTest" name="findGuestByRoom" time="0.077"/>
  <testcase classname="cz.muni.fi.pv168.hotel.GuestManagerTest" name="createGuestWithExistingId" time="0.043"/>
</testsuite>